<?xml version="1.0" encoding="utf-8"?><testsuites name="pytest tests"><testsuite name="pytest" errors="0" failures="0" skipped="0" tests="9" time="9.235" timestamp="2026-07-18T13:16:23.212964+00:00" hostname="agent-env-af8ce8af-7f61-4723-a2aa-673df7b1c5a6"><testcase classname="backend.tests.test_iteration3.TestOCRNoTesseractError" name="test_ocr_scan_returns_pincode_key" time="4.182" /><testcase classname="backend.tests.test_iteration3.TestTagNormalization" name="test_tags_lowercased_and_deduped" time="0.170" /><testcase classname="backend.tests.test_iteration3.TestPincodeField" name="test_pincode_persists_and_returns" time="0.252" /><testcase classname="backend.tests.test_iteration3.TestFacets" name="test_facets_returns_grouped_counts" time="0.335" /><testcase classname="backend.tests.test_iteration3.TestAiWriteEmail" name="test_generate_returns_subject_and_body" time="2.067" /><testcase classname="backend.tests.test_iteration3.TestAiWriteEmail" name="test_shorten_returns_subject_and_body" time="1.479" /><testcase classname="backend.tests.test_iteration3.TestAiWriteEmail" name="test_unknown_action_400" time="0.046" /><testcase classname="backend.tests.test_iteration3.TestCampaignMultiFilter" name="test_multi_filter_resolves_recipients" time="0.359" /><testcase classname="backend.tests.test_iteration3.TestDuplicatesEndpoint" name="test_duplicates_by_email" time="0.242" /></testsuite></testsuites>