<?xml version="1.0" encoding="utf-8"?><testsuites name="pytest tests"><testsuite name="pytest" errors="0" failures="0" skipped="0" tests="9" time="3.287" timestamp="2026-07-18T09:11:36.704930+00:00" hostname="agent-env-af8ce8af-7f61-4723-a2aa-673df7b1c5a6"><testcase classname="backend.tests.test_dev_otp.TestDevOtpSignupFlow" name="test_signup_returns_dev_otp_and_verifies" time="0.454" /><testcase classname="backend.tests.test_dev_otp.TestDevOtpSignupFlow" name="test_resend_otp_returns_dev_otp_and_invalidates_old" time="0.402" /><testcase classname="backend.tests.test_dev_otp.TestForgotPassword" name="test_forgot_password_returns_dev_otp_and_resets" time="1.183" /><testcase classname="backend.tests.test_dev_otp.TestLogin403DevOtp" name="test_login_unverified_returns_403_with_dev_otp" time="0.574" /><testcase classname="backend.tests.test_dev_otp.TestRegressionNoAuth" name="test_root_ok" time="0.040" /><testcase classname="backend.tests.test_dev_otp.TestRegressionNoAuth" name="test_protected_endpoint_requires_auth" time="0.042" /><testcase classname="backend.tests.test_dev_otp.TestRegressionAuthedFlow" name="test_create_and_get_contact" time="0.432" /><testcase classname="backend.tests.test_dev_otp.TestRegressionAuthedFlow" name="test_analytics" time="0.044" /><testcase classname="backend.tests.test_dev_otp.TestRegressionAuthedFlow" name="test_campaigns_list" time="0.043" /></testsuite></testsuites>