<?xml version="1.0" encoding="utf-8"?><testsuites name="pytest tests"><testsuite name="pytest" errors="0" failures="0" skipped="0" tests="32" time="13.323" timestamp="2026-07-21T17:44:42.495911+00:00" hostname="agent-env-af8ce8af-7f61-4723-a2aa-673df7b1c5a6"><testcase classname="backend.tests.test_iteration6" name="test_root" time="0.273" /><testcase classname="backend.tests.test_iteration6.TestAuth" name="test_login_ok" time="0.283" /><testcase classname="backend.tests.test_iteration6.TestAuth" name="test_login_wrong_password" time="0.280" /><testcase classname="backend.tests.test_iteration6.TestAuth" name="test_me" time="0.047" /><testcase classname="backend.tests.test_iteration6.TestAuth" name="test_me_no_token" time="0.060" /><testcase classname="backend.tests.test_iteration6.TestAuth" name="test_signup_returns_dev_otp" time="0.327" /><testcase classname="backend.tests.test_iteration6.TestAuth" name="test_resend_otp" time="0.327" /><testcase classname="backend.tests.test_iteration6.TestAuth" name="test_forgot_and_reset" time="0.948" /><testcase classname="backend.tests.test_iteration6.TestAuth" name="test_google_session_bogus_returns_401" time="0.136" /><testcase classname="backend.tests.test_iteration6.TestContacts" name="test_create_then_get" time="0.431" /><testcase classname="backend.tests.test_iteration6.TestContacts" name="test_list_and_facets" time="0.108" /><testcase classname="backend.tests.test_iteration6.TestContacts" name="test_recipient_status_and_duplicates" time="0.114" /><testcase classname="backend.tests.test_iteration6.TestContacts" name="test_update_and_delete" time="0.142" /><testcase classname="backend.tests.test_iteration6.TestAI" name="test_ocr_shape" time="3.523" /><testcase classname="backend.tests.test_iteration6.TestAI" name="test_ai_write_email" time="1.472" /><testcase classname="backend.tests.test_iteration6.TestAI" name="test_enrich_requires_input" time="0.052" /><testcase classname="backend.tests.test_iteration6.TestEmailSettings" name="test_legacy_config_roundtrip" time="0.176" /><testcase classname="backend.tests.test_iteration6.TestEmailSettings" name="test_legacy_smtp_test_returns_400_not_500" time="0.079" /><testcase classname="backend.tests.test_iteration6.TestEmailSettings" name="test_multi_account_crud" time="0.257" /><testcase classname="backend.tests.test_iteration6.TestTemplates" name="test_crud" time="0.158" /><testcase classname="backend.tests.test_iteration6.TestCampaigns" name="test_create_list_get_send" time="0.305" /><testcase classname="backend.tests.test_iteration6.TestAnalytics" name="test_shape" time="0.056" /><testcase classname="backend.tests.test_iteration6.TestBilling" name="test_status" time="0.055" /><testcase classname="backend.tests.test_iteration6.TestBilling" name="test_checkout_returns_503" time="0.050" /><testcase classname="backend.tests.test_iteration6.TestBilling" name="test_history" time="0.048" /><testcase classname="backend.tests.test_iteration6.TestExcelImport" name="test_import_commit_correctness_and_perf" time="3.200" /><testcase classname="backend.tests.test_iteration6.TestExcelImport" name="test_import_template_download" time="0.055" /><testcase classname="backend.tests.test_iteration6.TestExcelImport" name="test_export_contacts" time="0.056" /><testcase classname="backend.tests.test_iteration6.TestExcelImport" name="test_excel_import_blocked_for_free" time="0.046" /><testcase classname="backend.tests.test_iteration6.TestWhatsApp" name="test_list_templates_free" time="0.052" /><testcase classname="backend.tests.test_iteration6.TestWhatsApp" name="test_create_template_free_402" time="0.049" /><testcase classname="backend.tests.test_iteration6.TestWhatsApp" name="test_generate_links_free_402" time="0.047" /></testsuite></testsuites>