<?xml version="1.0" encoding="utf-8"?><testsuites name="pytest tests"><testsuite name="pytest" errors="0" failures="0" skipped="0" tests="16" time="10.962" timestamp="2026-07-21T16:29:41.352953+00:00" hostname="agent-env-af8ce8af-7f61-4723-a2aa-673df7b1c5a6"><testcase classname="backend.tests.test_iteration4.TestExport" name="test_free_user_export_returns_402" time="0.579" /><testcase classname="backend.tests.test_iteration4.TestExport" name="test_basic_user_export_returns_xlsx" time="0.544" /><testcase classname="backend.tests.test_iteration4.TestImportTemplate" name="test_template_download_for_free_user" time="0.114" /><testcase classname="backend.tests.test_iteration4.TestImportPreviewCommit" name="test_preview_counts_and_dup_detection" time="0.428" /><testcase classname="backend.tests.test_iteration4.TestImportPreviewCommit" name="test_free_user_preview_gated" time="0.124" /><testcase classname="backend.tests.test_iteration4.TestImportPreviewCommit" name="test_commit_merge_and_skip" time="1.102" /><testcase classname="backend.tests.test_iteration4.TestBilling" name="test_status_free_user" time="0.131" /><testcase classname="backend.tests.test_iteration4.TestBilling" name="test_checkout_returns_503_without_keys" time="0.208" /><testcase classname="backend.tests.test_iteration4.TestBilling" name="test_cancel_reverts_to_free" time="0.748" /><testcase classname="backend.tests.test_iteration4.TestWhatsApp" name="test_free_user_generate_links_gated" time="0.131" /><testcase classname="backend.tests.test_iteration4.TestWhatsApp" name="test_pro_user_generate_links_with_variables" time="0.795" /><testcase classname="backend.tests.test_iteration4.TestWhatsApp" name="test_wa_templates_gating" time="0.677" /><testcase classname="backend.tests.test_iteration4.TestRecipientStatus" name="test_shape" time="0.361" /><testcase classname="backend.tests.test_iteration4.TestEmailAccounts" name="test_crud_and_default_flip_and_test_endpoint" time="0.754" /><testcase classname="backend.tests.test_iteration4.TestOCR" name="test_scan_returns_pincode_key" time="3.318" /><testcase classname="backend.tests.test_iteration4.TestCampaignVariables" name="test_create_and_send_with_variables" time="0.890" /></testsuite></testsuites>