<?xml version="1.0" encoding="utf-8"?><testsuites name="pytest tests"><testsuite name="pytest" errors="0" failures="0" skipped="0" tests="11" time="3.162" timestamp="2026-07-21T17:17:51.977531+00:00" hostname="agent-env-af8ce8af-7f61-4723-a2aa-673df7b1c5a6"><testcase classname="backend.tests.test_iteration5_google.TestGoogleSession" name="test_missing_body_returns_422" time="0.278" /><testcase classname="backend.tests.test_iteration5_google.TestGoogleSession" name="test_missing_field_returns_422" time="0.047" /><testcase classname="backend.tests.test_iteration5_google.TestGoogleSession" name="test_bogus_session_returns_401" time="0.322" /><testcase classname="backend.tests.test_iteration5_google.TestGoogleSession" name="test_empty_session_id_returns_401" time="0.101" /><testcase classname="backend.tests.test_iteration5_google.TestAuthRegression" name="test_login_free_user" time="0.273" /><testcase classname="backend.tests.test_iteration5_google.TestAuthRegression" name="test_me_returns_user" time="0.044" /><testcase classname="backend.tests.test_iteration5_google.TestAuthRegression" name="test_signup_returns_dev_otp" time="0.275" /><testcase classname="backend.tests.test_iteration5_google.TestAuthRegression" name="test_verify_otp_issues_token" time="0.050" /><testcase classname="backend.tests.test_iteration5_google.TestAuthRegression" name="test_login_bad_password" time="0.267" /><testcase classname="backend.tests.test_iteration5_google.TestContactsAnalytics" name="test_contacts_crud" time="1.125" /><testcase classname="backend.tests.test_iteration5_google.TestContactsAnalytics" name="test_analytics" time="0.317" /></testsuite></testsuites>