<?xml version="1.0" encoding="utf-8"?><testsuites name="pytest tests"><testsuite name="pytest" errors="0" failures="0" skipped="0" tests="16" time="7.171" timestamp="2026-07-18T08:46:08.032066+00:00" hostname="agent-env-af8ce8af-7f61-4723-a2aa-673df7b1c5a6"><testcase classname="backend.tests.backend_test" name="test_health" time="0.223" /><testcase classname="backend.tests.backend_test.TestAuth" name="test_login_after_verification" time="0.592" /><testcase classname="backend.tests.backend_test.TestAuth" name="test_login_wrong_password" time="0.275" /><testcase classname="backend.tests.backend_test.TestAuth" name="test_me_with_token" time="0.044" /><testcase classname="backend.tests.backend_test.TestAuth" name="test_me_without_token" time="0.043" /><testcase classname="backend.tests.backend_test.TestAuth" name="test_forgot_and_reset_password" time="0.894" /><testcase classname="backend.tests.backend_test.TestContacts" name="test_create_get_update_delete" time="0.474" /><testcase classname="backend.tests.backend_test.TestContacts" name="test_duplicates_and_merge" time="0.302" /><testcase classname="backend.tests.backend_test.TestOCR" name="test_scan_returns_expected_keys" time="2.576" /><testcase classname="backend.tests.backend_test.TestEnrich" name="test_enrich_stripe" time="0.382" /><testcase classname="backend.tests.backend_test.TestEnrich" name="test_enrich_requires_input" time="0.042" /><testcase classname="backend.tests.backend_test.TestEmailSettings" name="test_get_empty_then_post_then_test_smtp_invalid" time="0.234" /><testcase classname="backend.tests.backend_test.TestTemplates" name="test_create_list_delete" time="0.211" /><testcase classname="backend.tests.backend_test.TestCampaigns" name="test_create_list_get_send_no_smtp" time="0.307" /><testcase classname="backend.tests.backend_test.TestCampaigns" name="test_send_no_smtp_config" time="0.441" /><testcase classname="backend.tests.backend_test.TestAnalytics" name="test_analytics_shape" time="0.045" /></testsuite></testsuites>